\BOOKMARK [1][-]{section.1}{Introduction}{}% 1
\BOOKMARK [1][-]{section.2}{Theory}{}% 2
\BOOKMARK [1][-]{section.3}{Independent Q-learning}{}% 3
\BOOKMARK [1][-]{section.4}{Minmax Q-learning}{}% 4
\BOOKMARK [1][-]{section.5}{Other learning}{}% 5
\BOOKMARK [1][-]{section.6}{Conclusion}{}% 6
\BOOKMARK [1][-]{section.7}{Submission of papers to NIPS 2014}{}% 7
\BOOKMARK [2][-]{subsection.7.1}{Style}{section.7}% 8
\BOOKMARK [2][-]{subsection.7.2}{Retrieval of style files}{section.7}% 9
\BOOKMARK [1][-]{section.8}{General formatting instructions}{}% 10
\BOOKMARK [1][-]{section.9}{Headings: first level}{}% 11
\BOOKMARK [2][-]{subsection.9.1}{Headings: second level}{section.9}% 12
\BOOKMARK [3][-]{subsubsection.9.1.1}{Headings: third level}{subsection.9.1}% 13
\BOOKMARK [1][-]{section.10}{Citations, figures, tables, references}{}% 14
\BOOKMARK [2][-]{subsection.10.1}{Citations within the text}{section.10}% 15
\BOOKMARK [2][-]{subsection.10.2}{Footnotes}{section.10}% 16
\BOOKMARK [2][-]{subsection.10.3}{Figures}{section.10}% 17
\BOOKMARK [2][-]{subsection.10.4}{Tables}{section.10}% 18
\BOOKMARK [1][-]{section.11}{Final instructions}{}% 19
\BOOKMARK [1][-]{section.12}{Preparing PostScript or PDF files}{}% 20
\BOOKMARK [2][-]{subsection.12.1}{Margins in LaTeX}{section.12}% 21
